Using pre-set license
Built from '2020.3/release' branch; Version is '2020.3.2f1 (8fd9074bf66c) revision 9427207'; Using compiler version '192528614'; Build Type 'Release'
OS: 'Windows 10 Pro; OS build 19042.1237; Version 2009; 64bit' Language: 'en' Physical Memory: 8072 MB
BatchMode: 1, IsHumanControllingUs: 0, StartBugReporterOnCrash: 0, Is64bit: 1, IsPro: 0

 COMMAND LINE ARGUMENTS:
C:\Program Files\Unity\Hub\Editor\2020.3.2f1\Editor\Unity.exe
-adb2
-batchMode
-noUpm
-name
AssetImportWorker0
-projectPath
C:/Users/Family/Desktop/Game & Sim/SimpePlatformer/Code/SimplePlatformer
-logFile
Logs/AssetImportWorker0.log
-srvPort
59298
Successfully changed project path to: C:/Users/Family/Desktop/Game & Sim/SimpePlatformer/Code/SimplePlatformer
C:/Users/Family/Desktop/Game & Sim/SimpePlatformer/Code/SimplePlatformer
Using Asset Import Pipeline V2.
Refreshing native plugins compatible for Editor in 39.70 ms, found 0 plugins.
Preloading 0 native plugins for Editor in 0.00 ms.
Initialize engine version: 2020.3.2f1 (8fd9074bf66c)
[Subsystems] Discovering subsystems at path C:/Program Files/Unity/Hub/Editor/2020.3.2f1/Editor/Data/Resources/UnitySubsystems
[Subsystems] Discovering subsystems at path C:/Users/Family/Desktop/Game & Sim/SimpePlatformer/Code/SimplePlatformer/Assets
GfxDevice: creating device client; threaded=0
Direct3D:
    Version:  Direct3D 11.0 [level 11.1]
    Renderer: Intel(R) HD Graphics 530 (ID=0x1912)
    Vendor:   
    VRAM:     4036 MB
    Driver:   27.20.100.9416
Initialize mono
Mono path[0] = 'C:/Program Files/Unity/Hub/Editor/2020.3.2f1/Editor/Data/Managed'
Mono path[1] = 'C:/Program Files/Unity/Hub/Editor/2020.3.2f1/Editor/Data/MonoBleedingEdge/lib/mono/unityjit'
Mono config path = 'C:/Program Files/Unity/Hub/Editor/2020.3.2f1/Editor/Data/MonoBleedingEdge/etc'
Using monoOptions --debugger-agent=transport=dt_socket,embedding=1,server=y,suspend=n,address=127.0.0.1:56480
Begin MonoManager ReloadAssembly
Registering precompiled unity dll's ...
Register platform support module: C:/Program Files/Unity/Hub/Editor/2020.3.2f1/Editor/Data/PlaybackEngines/WebGLSupport/UnityEditor.WebGL.Extensions.dll
Register platform support module: C:/Program Files/Unity/Hub/Editor/2020.3.2f1/Editor/Data/PlaybackEngines/WindowsStandaloneSupport/UnityEditor.WindowsStandalone.Extensions.dll
Registered in 0.003537 seconds.
Native extension for WindowsStandalone target not found
Native extension for WebGL target not found
Refreshing native plugins compatible for Editor in 25.76 ms, found 0 plugins.
Preloading 0 native plugins for Editor in 0.00 ms.
Invoked RoslynAnalysisRunner static constructor.
RoslynAnalysisRunner will not be running.
RoslynAnalysisRunner has terminated.
Mono: successfully reloaded assembly
- Completed reload, in  9.021 seconds
Platform modules already initialized, skipping
Registering precompiled user dll's ...
Registered in 0.001020 seconds.
Begin MonoManager ReloadAssembly
Native extension for WindowsStandalone target not found
Native extension for WebGL target not found
Refreshing native plugins compatible for Editor in 0.38 ms, found 0 plugins.
Preloading 0 native plugins for Editor in 0.00 ms.
Invoked RoslynAnalysisRunner static constructor.
RoslynAnalysisRunner will not be running.
RoslynAnalysisRunner has terminated.
Mono: successfully reloaded assembly
- Completed reload, in  1.003 seconds
Platform modules already initialized, skipping
========================================================================
Worker process is ready to serve import requests
Launched and connected shader compiler UnityShaderCompiler.exe after 0.20 seconds
Refreshing native plugins compatible for Editor in 0.21 ms, found 0 plugins.
Preloading 0 native plugins for Editor in 0.00 ms.
Unloading 1116 Unused Serialized files (Serialized files now loaded: 0)
System memory in use before: 57.2 MB.
System memory in use after: 57.3 MB.

Unloading 10 unused Assets to reduce memory usage. Loaded Objects now: 1558.
Total: 2.310300 ms (FindLiveObjects: 0.302300 ms CreateObjectMapping: 0.085900 ms MarkObjects: 1.779000 ms  DeleteObjects: 0.142000 ms)

========================================================================
Received Import Request.
  path: Assets/Player.prefab
  artifactKey: Guid(32059bc76bd80234c80a44d7aca7d833) Importer(815301076,1909f56bfc062723c751e8b465ee728b)
Start importing Assets/Player.prefab using Guid(32059bc76bd80234c80a44d7aca7d833) Importer(815301076,1909f56bfc062723c751e8b465ee728b)  -> (artifact id: 'e25b9b2885685099693a00f3d0d91904') in 6.392348 seconds
  Import took 6.405874 seconds .

========================================================================
Received Prepare
Registering precompiled user dll's ...
Registered in 0.001067 seconds.
Begin MonoManager ReloadAssembly
Native extension for WindowsStandalone target not found
Native extension for WebGL target not found
Refreshing native plugins compatible for Editor in 0.21 ms, found 0 plugins.
Preloading 0 native plugins for Editor in 0.00 ms.
Invoked RoslynAnalysisRunner static constructor.
RoslynAnalysisRunner will not be running.
RoslynAnalysisRunner has terminated.
Mono: successfully reloaded assembly
- Completed reload, in  0.947 seconds
Platform modules already initialized, skipping
Refreshing native plugins compatible for Editor in 0.20 ms, found 0 plugins.
Preloading 0 native plugins for Editor in 0.00 ms.
Unloading 1111 Unused Serialized files (Serialized files now loaded: 0)
System memory in use before: 60.3 MB.
System memory in use after: 60.3 MB.

Unloading 6 unused Assets to reduce memory usage. Loaded Objects now: 1569.
Total: 3.298100 ms (FindLiveObjects: 0.317800 ms CreateObjectMapping: 0.077600 ms MarkObjects: 2.807500 ms  DeleteObjects: 0.093800 ms)

========================================================================
Received Import Request.
  Time since last request: 19.310243 seconds.
  path: Assets/Player.prefab
  artifactKey: Guid(32059bc76bd80234c80a44d7aca7d833) Importer(815301076,1909f56bfc062723c751e8b465ee728b)
Start importing Assets/Player.prefab using Guid(32059bc76bd80234c80a44d7aca7d833) Importer(815301076,1909f56bfc062723c751e8b465ee728b)  -> (artifact id: '7f00dd90071bb84c34179ea37974bd79') in 0.089083 seconds
  Import took 0.091308 seconds .

========================================================================
Received Prepare
Registering precompiled user dll's ...
Registered in 0.001011 seconds.
Begin MonoManager ReloadAssembly
Native extension for WindowsStandalone target not found
Native extension for WebGL target not found
Refreshing native plugins compatible for Editor in 0.34 ms, found 0 plugins.
Preloading 0 native plugins for Editor in 0.00 ms.
Invoked RoslynAnalysisRunner static constructor.
RoslynAnalysisRunner will not be running.
RoslynAnalysisRunner has terminated.
Mono: successfully reloaded assembly
- Completed reload, in  1.475 seconds
Platform modules already initialized, skipping
Refreshing native plugins compatible for Editor in 0.30 ms, found 0 plugins.
Preloading 0 native plugins for Editor in 0.00 ms.
Unloading 1111 Unused Serialized files (Serialized files now loaded: 0)
System memory in use before: 60.3 MB.
System memory in use after: 60.4 MB.

Unloading 6 unused Assets to reduce memory usage. Loaded Objects now: 1573.
Total: 3.627200 ms (FindLiveObjects: 0.289000 ms CreateObjectMapping: 0.070100 ms MarkObjects: 3.071600 ms  DeleteObjects: 0.193900 ms)

========================================================================
Received Prepare
Registering precompiled user dll's ...
Registered in 0.001037 seconds.
Begin MonoManager ReloadAssembly
Native extension for WindowsStandalone target not found
Native extension for WebGL target not found
Refreshing native plugins compatible for Editor in 0.20 ms, found 0 plugins.
Preloading 0 native plugins for Editor in 0.00 ms.
Invoked RoslynAnalysisRunner static constructor.
RoslynAnalysisRunner will not be running.
RoslynAnalysisRunner has terminated.
Mono: successfully reloaded assembly
- Completed reload, in  0.905 seconds
Platform modules already initialized, skipping
Refreshing native plugins compatible for Editor in 0.20 ms, found 0 plugins.
Preloading 0 native plugins for Editor in 0.00 ms.
Unloading 1111 Unused Serialized files (Serialized files now loaded: 0)
System memory in use before: 60.3 MB.
System memory in use after: 60.4 MB.

Unloading 5 unused Assets to reduce memory usage. Loaded Objects now: 1576.
Total: 2.681900 ms (FindLiveObjects: 0.125200 ms CreateObjectMapping: 0.036200 ms MarkObjects: 2.405400 ms  DeleteObjects: 0.113800 ms)

========================================================================
Received Prepare
Registering precompiled user dll's ...
Registered in 0.001289 seconds.
Begin MonoManager ReloadAssembly
Native extension for WindowsStandalone target not found
Native extension for WebGL target not found
Refreshing native plugins compatible for Editor in 0.21 ms, found 0 plugins.
Preloading 0 native plugins for Editor in 0.00 ms.
Invoked RoslynAnalysisRunner static constructor.
RoslynAnalysisRunner will not be running.
RoslynAnalysisRunner has terminated.
Mono: successfully reloaded assembly
- Completed reload, in  0.987 seconds
Platform modules already initialized, skipping
Refreshing native plugins compatible for Editor in 0.19 ms, found 0 plugins.
Preloading 0 native plugins for Editor in 0.00 ms.
Unloading 1111 Unused Serialized files (Serialized files now loaded: 0)
System memory in use before: 60.3 MB.
System memory in use after: 60.4 MB.

Unloading 5 unused Assets to reduce memory usage. Loaded Objects now: 1579.
Total: 2.008000 ms (FindLiveObjects: 0.136900 ms CreateObjectMapping: 0.075200 ms MarkObjects: 1.675000 ms  DeleteObjects: 0.119900 ms)

========================================================================
Received Import Request.
  Time since last request: 142.806373 seconds.
  path: Assets/Player.prefab
  artifactKey: Guid(32059bc76bd80234c80a44d7aca7d833) Importer(815301076,1909f56bfc062723c751e8b465ee728b)
Start importing Assets/Player.prefab using Guid(32059bc76bd80234c80a44d7aca7d833) Importer(815301076,1909f56bfc062723c751e8b465ee728b)  -> (artifact id: '35627a2625eae02bc9a1dea022e0f446') in 0.067344 seconds
  Import took 0.070672 seconds .

========================================================================
Received Import Request.
  Time since last request: 9.112689 seconds.
  path: Assets/Player.prefab
  artifactKey: Guid(32059bc76bd80234c80a44d7aca7d833) Importer(815301076,1909f56bfc062723c751e8b465ee728b)
Start importing Assets/Player.prefab using Guid(32059bc76bd80234c80a44d7aca7d833) Importer(815301076,1909f56bfc062723c751e8b465ee728b)  -> (artifact id: '657bc602a683309ae13ad89b0fd7640e') in 0.026236 seconds
  Import took 0.030228 seconds .

========================================================================
Received Prepare
Registering precompiled user dll's ...
Registered in 0.001032 seconds.
Begin MonoManager ReloadAssembly
Native extension for WindowsStandalone target not found
Native extension for WebGL target not found
Refreshing native plugins compatible for Editor in 0.21 ms, found 0 plugins.
Preloading 0 native plugins for Editor in 0.00 ms.
Invoked RoslynAnalysisRunner static constructor.
RoslynAnalysisRunner will not be running.
RoslynAnalysisRunner has terminated.
Mono: successfully reloaded assembly
- Completed reload, in  0.979 seconds
Platform modules already initialized, skipping
Refreshing native plugins compatible for Editor in 0.20 ms, found 0 plugins.
Preloading 0 native plugins for Editor in 0.00 ms.
Unloading 1111 Unused Serialized files (Serialized files now loaded: 0)
System memory in use before: 60.3 MB.
System memory in use after: 60.4 MB.

Unloading 6 unused Assets to reduce memory usage. Loaded Objects now: 1583.
Total: 2.156000 ms (FindLiveObjects: 0.191300 ms CreateObjectMapping: 0.050600 ms MarkObjects: 1.753400 ms  DeleteObjects: 0.159100 ms)

========================================================================
Received Import Request.
  Time since last request: 130.055859 seconds.
  path: Assets/Sphere.prefab
  artifactKey: Guid(7570033b511ab814a8f8f54064789efb) Importer(815301076,1909f56bfc062723c751e8b465ee728b)
Start importing Assets/Sphere.prefab using Guid(7570033b511ab814a8f8f54064789efb) Importer(815301076,1909f56bfc062723c751e8b465ee728b)  -> (artifact id: 'da2982856c6ed722903fbf9289473bf3') in 0.091057 seconds
  Import took 0.093294 seconds .

========================================================================
Received Import Request.
  Time since last request: 0.002199 seconds.
  path: Assets/Sphere.prefab
  artifactKey: Guid(7570033b511ab814a8f8f54064789efb) Importer(815301076,1909f56bfc062723c751e8b465ee728b)
Start importing Assets/Sphere.prefab using Guid(7570033b511ab814a8f8f54064789efb) Importer(815301076,1909f56bfc062723c751e8b465ee728b)  -> (artifact id: 'da2982856c6ed722903fbf9289473bf3') in 0.016388 seconds
  Import took 0.033017 seconds .

========================================================================
Received Import Request.
  Time since last request: 1.982910 seconds.
  path: Assets/Sphere.prefab
  artifactKey: Guid(7570033b511ab814a8f8f54064789efb) Importer(815301076,1909f56bfc062723c751e8b465ee728b)
Start importing Assets/Sphere.prefab using Guid(7570033b511ab814a8f8f54064789efb) Importer(815301076,1909f56bfc062723c751e8b465ee728b)  -> (artifact id: 'd93ae67905d7e20c9632dd3b9c1d2686') in 0.014898 seconds
  Import took 0.017504 seconds .

========================================================================
Received Import Request.
  Time since last request: 0.015845 seconds.
  path: Assets/Sphere.prefab
  artifactKey: Guid(7570033b511ab814a8f8f54064789efb) Importer(815301076,1909f56bfc062723c751e8b465ee728b)
Start importing Assets/Sphere.prefab using Guid(7570033b511ab814a8f8f54064789efb) Importer(815301076,1909f56bfc062723c751e8b465ee728b)  -> (artifact id: 'd93ae67905d7e20c9632dd3b9c1d2686') in 0.012056 seconds
  Import took 0.014783 seconds .

========================================================================
Received Prepare
Registering precompiled user dll's ...
Registered in 0.001042 seconds.
Begin MonoManager ReloadAssembly
Native extension for WindowsStandalone target not found
Native extension for WebGL target not found
Refreshing native plugins compatible for Editor in 0.27 ms, found 0 plugins.
Preloading 0 native plugins for Editor in 0.00 ms.
Invoked RoslynAnalysisRunner static constructor.
RoslynAnalysisRunner will not be running.
RoslynAnalysisRunner has terminated.
Mono: successfully reloaded assembly
- Completed reload, in  0.946 seconds
Platform modules already initialized, skipping
Refreshing native plugins compatible for Editor in 0.28 ms, found 0 plugins.
Preloading 0 native plugins for Editor in 0.00 ms.
Unloading 1111 Unused Serialized files (Serialized files now loaded: 0)
System memory in use before: 60.4 MB.
System memory in use after: 60.5 MB.

Unloading 6 unused Assets to reduce memory usage. Loaded Objects now: 1588.
Total: 2.184300 ms (FindLiveObjects: 0.150900 ms CreateObjectMapping: 0.036400 ms MarkObjects: 1.816700 ms  DeleteObjects: 0.177800 ms)

========================================================================
Received Import Request.
  Time since last request: 56.536973 seconds.
  path: Assets/Playermovement.cs
  artifactKey: Guid(f5a865c26b2bb5b44954f4bf7c862b61) Importer(815301076,1909f56bfc062723c751e8b465ee728b)
Start importing Assets/Playermovement.cs using Guid(f5a865c26b2bb5b44954f4bf7c862b61) Importer(815301076,1909f56bfc062723c751e8b465ee728b)  -> (artifact id: '5ebfe22d13a48727e0213e0f6cdd9455') in 0.039134 seconds
  Import took 0.049752 seconds .

========================================================================
Received Prepare
Registering precompiled user dll's ...
Registered in 0.001207 seconds.
Begin MonoManager ReloadAssembly
Native extension for WindowsStandalone target not found
Native extension for WebGL target not found
Refreshing native plugins compatible for Editor in 0.21 ms, found 0 plugins.
Preloading 0 native plugins for Editor in 0.00 ms.
Invoked RoslynAnalysisRunner static constructor.
RoslynAnalysisRunner will not be running.
RoslynAnalysisRunner has terminated.
Mono: successfully reloaded assembly
- Completed reload, in  0.990 seconds
Platform modules already initialized, skipping
Refreshing native plugins compatible for Editor in 0.23 ms, found 0 plugins.
Preloading 0 native plugins for Editor in 0.00 ms.
Unloading 1111 Unused Serialized files (Serialized files now loaded: 0)
System memory in use before: 60.4 MB.
System memory in use after: 60.5 MB.

Unloading 5 unused Assets to reduce memory usage. Loaded Objects now: 1591.
Total: 2.107200 ms (FindLiveObjects: 0.161400 ms CreateObjectMapping: 0.031900 ms MarkObjects: 1.829900 ms  DeleteObjects: 0.082900 ms)

========================================================================
Received Import Request.
  Time since last request: 266.876767 seconds.
  path: Assets/Playermovement.cs
  artifactKey: Guid(f5a865c26b2bb5b44954f4bf7c862b61) Importer(815301076,1909f56bfc062723c751e8b465ee728b)
Start importing Assets/Playermovement.cs using Guid(f5a865c26b2bb5b44954f4bf7c862b61) Importer(815301076,1909f56bfc062723c751e8b465ee728b)  -> (artifact id: '18dcaee9ef1fbdb6b3017659958e75d5') in 0.004913 seconds
  Import took 0.007052 seconds .

========================================================================
Received Prepare
Registering precompiled user dll's ...
Registered in 0.001014 seconds.
Begin MonoManager ReloadAssembly
Native extension for WindowsStandalone target not found
Native extension for WebGL target not found
Refreshing native plugins compatible for Editor in 0.21 ms, found 0 plugins.
Preloading 0 native plugins for Editor in 0.00 ms.
Invoked RoslynAnalysisRunner static constructor.
RoslynAnalysisRunner will not be running.
RoslynAnalysisRunner has terminated.
Mono: successfully reloaded assembly
- Completed reload, in  0.895 seconds
Platform modules already initialized, skipping
Refreshing native plugins compatible for Editor in 0.31 ms, found 0 plugins.
Preloading 0 native plugins for Editor in 0.00 ms.
Unloading 1111 Unused Serialized files (Serialized files now loaded: 0)
System memory in use before: 60.4 MB.
System memory in use after: 60.5 MB.

Unloading 5 unused Assets to reduce memory usage. Loaded Objects now: 1594.
Total: 2.403000 ms (FindLiveObjects: 0.123700 ms CreateObjectMapping: 0.033100 ms MarkObjects: 2.134200 ms  DeleteObjects: 0.111100 ms)

========================================================================
Received Import Request.
  Time since last request: 421.939134 seconds.
  path: Assets/New Material.mat
  artifactKey: Guid(a7ab18ef7bbcf8d4f8fc31e38640c80e) Importer(815301076,1909f56bfc062723c751e8b465ee728b)
Start importing Assets/New Material.mat using Guid(a7ab18ef7bbcf8d4f8fc31e38640c80e) Importer(815301076,1909f56bfc062723c751e8b465ee728b)  -> (artifact id: 'bc073004ce50e7083cacb30594203563') in 0.305698 seconds
  Import took 0.321187 seconds .

========================================================================
Received Import Request.
  Time since last request: 21.031161 seconds.
  path: Assets/Ground.prefab
  artifactKey: Guid(6017f678fa5222e4aa763740ea6f2024) Importer(815301076,1909f56bfc062723c751e8b465ee728b)
Start importing Assets/Ground.prefab using Guid(6017f678fa5222e4aa763740ea6f2024) Importer(815301076,1909f56bfc062723c751e8b465ee728b)  -> (artifact id: '0479210cb91d660dfb7baaa7ae6126f4') in 0.026659 seconds
  Import took 0.036082 seconds .

========================================================================
Received Prepare
Registering precompiled user dll's ...
Registered in 0.001030 seconds.
Begin MonoManager ReloadAssembly
Native extension for WindowsStandalone target not found
Native extension for WebGL target not found
Refreshing native plugins compatible for Editor in 0.25 ms, found 0 plugins.
Preloading 0 native plugins for Editor in 0.00 ms.
Invoked RoslynAnalysisRunner static constructor.
RoslynAnalysisRunner will not be running.
RoslynAnalysisRunner has terminated.
Mono: successfully reloaded assembly
- Completed reload, in  0.923 seconds
Platform modules already initialized, skipping
Refreshing native plugins compatible for Editor in 0.19 ms, found 0 plugins.
Preloading 0 native plugins for Editor in 0.00 ms.
Unloading 1111 Unused Serialized files (Serialized files now loaded: 0)
System memory in use before: 60.7 MB.
System memory in use after: 60.7 MB.

Unloading 5 unused Assets to reduce memory usage. Loaded Objects now: 1632.
Total: 2.905000 ms (FindLiveObjects: 0.199900 ms CreateObjectMapping: 0.073900 ms MarkObjects: 2.518500 ms  DeleteObjects: 0.111600 ms)

========================================================================
Received Import Request.
  Time since last request: 50.162523 seconds.
  path: Assets/Ground.prefab
  artifactKey: Guid(6017f678fa5222e4aa763740ea6f2024) Importer(815301076,1909f56bfc062723c751e8b465ee728b)
Start importing Assets/Ground.prefab using Guid(6017f678fa5222e4aa763740ea6f2024) Importer(815301076,1909f56bfc062723c751e8b465ee728b)  -> (artifact id: 'ac6acf2916f924731c881b2f2592cb17') in 1.319509 seconds
  Import took 1.340305 seconds .

========================================================================
Received Import Request.
  Time since last request: 0.000550 seconds.
  path: Assets/Ground.prefab
  artifactKey: Guid(6017f678fa5222e4aa763740ea6f2024) Importer(815301076,1909f56bfc062723c751e8b465ee728b)
Start importing Assets/Ground.prefab using Guid(6017f678fa5222e4aa763740ea6f2024) Importer(815301076,1909f56bfc062723c751e8b465ee728b)  -> (artifact id: '46c365b4586c6a80263e924eeafa5dce') in 0.010425 seconds
  Import took 0.013379 seconds .

========================================================================
Received Import Request.
  Time since last request: 12.769023 seconds.
  path: Assets/Ground.prefab
  artifactKey: Guid(6017f678fa5222e4aa763740ea6f2024) Importer(815301076,1909f56bfc062723c751e8b465ee728b)
Start importing Assets/Ground.prefab using Guid(6017f678fa5222e4aa763740ea6f2024) Importer(815301076,1909f56bfc062723c751e8b465ee728b)  -> (artifact id: '5bb3b3a2a74df019d2ac1a75b77e046c') in 0.019988 seconds
  Import took 0.051043 seconds .

========================================================================
Received Prepare
Registering precompiled user dll's ...
Registered in 0.001091 seconds.
Begin MonoManager ReloadAssembly
Native extension for WindowsStandalone target not found
Native extension for WebGL target not found
Refreshing native plugins compatible for Editor in 0.45 ms, found 0 plugins.
Preloading 0 native plugins for Editor in 0.00 ms.
Invoked RoslynAnalysisRunner static constructor.
RoslynAnalysisRunner will not be running.
RoslynAnalysisRunner has terminated.
Mono: successfully reloaded assembly
- Completed reload, in  0.889 seconds
Platform modules already initialized, skipping
Refreshing native plugins compatible for Editor in 0.19 ms, found 0 plugins.
Preloading 0 native plugins for Editor in 0.00 ms.
Unloading 1111 Unused Serialized files (Serialized files now loaded: 0)
System memory in use before: 60.6 MB.
System memory in use after: 60.7 MB.

Unloading 5 unused Assets to reduce memory usage. Loaded Objects now: 1636.
Total: 2.361300 ms (FindLiveObjects: 0.127400 ms CreateObjectMapping: 0.035000 ms MarkObjects: 2.086000 ms  DeleteObjects: 0.111800 ms)

========================================================================
Received Import Request.
  Time since last request: 112.044218 seconds.
  path: Assets/Player.prefab
  artifactKey: Guid(32059bc76bd80234c80a44d7aca7d833) Importer(815301076,1909f56bfc062723c751e8b465ee728b)
Start importing Assets/Player.prefab using Guid(32059bc76bd80234c80a44d7aca7d833) Importer(815301076,1909f56bfc062723c751e8b465ee728b)  -> (artifact id: '8deacddc6b4745a31cbfcf34d31341c2') in 1.822106 seconds
  Import took 1.856468 seconds .

========================================================================
Received Import Request.
  Time since last request: 11.869739 seconds.
  path: Assets/Player.prefab
  artifactKey: Guid(32059bc76bd80234c80a44d7aca7d833) Importer(815301076,1909f56bfc062723c751e8b465ee728b)
Start importing Assets/Player.prefab using Guid(32059bc76bd80234c80a44d7aca7d833) Importer(815301076,1909f56bfc062723c751e8b465ee728b)  -> (artifact id: 'eeb45425e3a287afb9bb9b6e4795cbdd') in 0.021182 seconds
  Import took 0.025630 seconds .

========================================================================
Received Import Request.
  Time since last request: 0.006589 seconds.
  path: Assets/Player.prefab
  artifactKey: Guid(32059bc76bd80234c80a44d7aca7d833) Importer(815301076,1909f56bfc062723c751e8b465ee728b)
Start importing Assets/Player.prefab using Guid(32059bc76bd80234c80a44d7aca7d833) Importer(815301076,1909f56bfc062723c751e8b465ee728b)  -> (artifact id: 'eeb45425e3a287afb9bb9b6e4795cbdd') in 0.048340 seconds
  Import took 0.051322 seconds .

========================================================================
Received Prepare
Registering precompiled user dll's ...
Registered in 0.001067 seconds.
Begin MonoManager ReloadAssembly
Native extension for WindowsStandalone target not found
Native extension for WebGL target not found
Refreshing native plugins compatible for Editor in 0.24 ms, found 0 plugins.
Preloading 0 native plugins for Editor in 0.00 ms.
Invoked RoslynAnalysisRunner static constructor.
RoslynAnalysisRunner will not be running.
RoslynAnalysisRunner has terminated.
Mono: successfully reloaded assembly
- Completed reload, in  0.922 seconds
Platform modules already initialized, skipping
Refreshing native plugins compatible for Editor in 0.20 ms, found 0 plugins.
Preloading 0 native plugins for Editor in 0.00 ms.
Unloading 1111 Unused Serialized files (Serialized files now loaded: 0)
System memory in use before: 60.7 MB.
System memory in use after: 60.7 MB.

Unloading 6 unused Assets to reduce memory usage. Loaded Objects now: 1640.
Total: 2.696800 ms (FindLiveObjects: 0.257800 ms CreateObjectMapping: 0.060400 ms MarkObjects: 2.258100 ms  DeleteObjects: 0.119500 ms)

========================================================================
Received Import Request.
  Time since last request: 488.942919 seconds.
  path: Assets/Ground.prefab
  artifactKey: Guid(6017f678fa5222e4aa763740ea6f2024) Importer(815301076,1909f56bfc062723c751e8b465ee728b)
Start importing Assets/Ground.prefab using Guid(6017f678fa5222e4aa763740ea6f2024) Importer(815301076,1909f56bfc062723c751e8b465ee728b)  -> (artifact id: '8bf48e7b2aeacc9f7282cb3a1b59ec3d') in 0.094845 seconds
  Import took 0.098173 seconds .

========================================================================
Received Import Request.
  Time since last request: 8.579169 seconds.
  path: Assets/Ground.prefab
  artifactKey: Guid(6017f678fa5222e4aa763740ea6f2024) Importer(815301076,1909f56bfc062723c751e8b465ee728b)
Start importing Assets/Ground.prefab using Guid(6017f678fa5222e4aa763740ea6f2024) Importer(815301076,1909f56bfc062723c751e8b465ee728b)  -> (artifact id: 'c8d7719c5038e86d8f788fc22374677e') in 0.023238 seconds
  Import took 0.026628 seconds .

========================================================================
Received Import Request.
  Time since last request: 0.002141 seconds.
  path: Assets/Ground.prefab
  artifactKey: Guid(6017f678fa5222e4aa763740ea6f2024) Importer(815301076,1909f56bfc062723c751e8b465ee728b)
Start importing Assets/Ground.prefab using Guid(6017f678fa5222e4aa763740ea6f2024) Importer(815301076,1909f56bfc062723c751e8b465ee728b)  -> (artifact id: 'c8d7719c5038e86d8f788fc22374677e') in 0.013555 seconds
  Import took 0.017104 seconds .

========================================================================
Received Import Request.
  Time since last request: 22.439838 seconds.
  path: Assets/Ground.prefab
  artifactKey: Guid(6017f678fa5222e4aa763740ea6f2024) Importer(815301076,1909f56bfc062723c751e8b465ee728b)
Start importing Assets/Ground.prefab using Guid(6017f678fa5222e4aa763740ea6f2024) Importer(815301076,1909f56bfc062723c751e8b465ee728b)  -> (artifact id: 'fff384cc3331537b5d1be3c8d60051da') in 0.042272 seconds
  Import took 0.048766 seconds .

========================================================================
Received Import Request.
  Time since last request: 2034.803646 seconds.
  path: Assets/Player.prefab
  artifactKey: Guid(32059bc76bd80234c80a44d7aca7d833) Importer(815301076,1909f56bfc062723c751e8b465ee728b)
Start importing Assets/Player.prefab using Guid(32059bc76bd80234c80a44d7aca7d833) Importer(815301076,1909f56bfc062723c751e8b465ee728b)  -> (artifact id: 'fab9437e771466535e2b5c6f9c6ddc5c') in 0.046219 seconds
  Import took 0.073420 seconds .

========================================================================
Received Prepare
Registering precompiled user dll's ...
Registered in 0.000983 seconds.
Begin MonoManager ReloadAssembly
Native extension for WindowsStandalone target not found
Native extension for WebGL target not found
Refreshing native plugins compatible for Editor in 0.57 ms, found 0 plugins.
Preloading 0 native plugins for Editor in 0.00 ms.
Invoked RoslynAnalysisRunner static constructor.
RoslynAnalysisRunner will not be running.
RoslynAnalysisRunner has terminated.
Mono: successfully reloaded assembly
- Completed reload, in  1.136 seconds
Platform modules already initialized, skipping
Refreshing native plugins compatible for Editor in 0.20 ms, found 0 plugins.
Preloading 0 native plugins for Editor in 0.00 ms.
Unloading 1111 Unused Serialized files (Serialized files now loaded: 0)
System memory in use before: 60.7 MB.
System memory in use after: 60.7 MB.

Unloading 6 unused Assets to reduce memory usage. Loaded Objects now: 1644.
Total: 2.488700 ms (FindLiveObjects: 0.129600 ms CreateObjectMapping: 0.034100 ms MarkObjects: 2.207200 ms  DeleteObjects: 0.117100 ms)

========================================================================
Received Import Request.
  Time since last request: 221.319697 seconds.
  path: Assets/Player.prefab
  artifactKey: Guid(32059bc76bd80234c80a44d7aca7d833) Importer(815301076,1909f56bfc062723c751e8b465ee728b)
Start importing Assets/Player.prefab using Guid(32059bc76bd80234c80a44d7aca7d833) Importer(815301076,1909f56bfc062723c751e8b465ee728b)  -> (artifact id: 'da94f18d674cf60c59e172b4289562b4') in 0.062833 seconds
  Import took 0.065046 seconds .

========================================================================
Received Prepare
Registering precompiled user dll's ...
Registered in 0.001297 seconds.
Begin MonoManager ReloadAssembly
Native extension for WindowsStandalone target not found
Native extension for WebGL target not found
Refreshing native plugins compatible for Editor in 0.24 ms, found 0 plugins.
Preloading 0 native plugins for Editor in 0.00 ms.
Invoked RoslynAnalysisRunner static constructor.
RoslynAnalysisRunner will not be running.
RoslynAnalysisRunner has terminated.
Mono: successfully reloaded assembly
- Completed reload, in  0.936 seconds
Platform modules already initialized, skipping
Refreshing native plugins compatible for Editor in 0.28 ms, found 0 plugins.
Preloading 0 native plugins for Editor in 0.00 ms.
Unloading 1111 Unused Serialized files (Serialized files now loaded: 0)
System memory in use before: 60.7 MB.
System memory in use after: 60.8 MB.

Unloading 6 unused Assets to reduce memory usage. Loaded Objects now: 1648.
Total: 3.216300 ms (FindLiveObjects: 0.129900 ms CreateObjectMapping: 0.035800 ms MarkObjects: 2.921900 ms  DeleteObjects: 0.127800 ms)

========================================================================
Received Import Request.
  Time since last request: 18.842595 seconds.
  path: Assets/Player.prefab
  artifactKey: Guid(32059bc76bd80234c80a44d7aca7d833) Importer(815301076,1909f56bfc062723c751e8b465ee728b)
Start importing Assets/Player.prefab using Guid(32059bc76bd80234c80a44d7aca7d833) Importer(815301076,1909f56bfc062723c751e8b465ee728b)  -> (artifact id: 'a3a66027981242492f2ca3383721e1f9') in 0.066032 seconds
  Import took 0.070002 seconds .

========================================================================
Received Prepare
Registering precompiled user dll's ...
Registered in 0.001337 seconds.
Begin MonoManager ReloadAssembly
Native extension for WindowsStandalone target not found
Native extension for WebGL target not found
Refreshing native plugins compatible for Editor in 0.21 ms, found 0 plugins.
Preloading 0 native plugins for Editor in 0.00 ms.
Invoked RoslynAnalysisRunner static constructor.
RoslynAnalysisRunner will not be running.
RoslynAnalysisRunner has terminated.
Mono: successfully reloaded assembly
- Completed reload, in  0.904 seconds
Platform modules already initialized, skipping
Refreshing native plugins compatible for Editor in 0.19 ms, found 0 plugins.
Preloading 0 native plugins for Editor in 0.00 ms.
Unloading 1111 Unused Serialized files (Serialized files now loaded: 0)
System memory in use before: 60.7 MB.
System memory in use after: 60.8 MB.

Unloading 6 unused Assets to reduce memory usage. Loaded Objects now: 1652.
Total: 1.929200 ms (FindLiveObjects: 0.131200 ms CreateObjectMapping: 0.034900 ms MarkObjects: 1.652600 ms  DeleteObjects: 0.109700 ms)

========================================================================
Received Import Request.
  Time since last request: 8.043615 seconds.
  path: Assets/Player.prefab
  artifactKey: Guid(32059bc76bd80234c80a44d7aca7d833) Importer(815301076,1909f56bfc062723c751e8b465ee728b)
Start importing Assets/Player.prefab using Guid(32059bc76bd80234c80a44d7aca7d833) Importer(815301076,1909f56bfc062723c751e8b465ee728b)  -> (artifact id: '62de44a11272c9547917d296ef857d1a') in 0.066230 seconds
  Import took 0.094203 seconds .

========================================================================
Received Import Request.
  Time since last request: 1.399440 seconds.
  path: Assets/Player.prefab
  artifactKey: Guid(32059bc76bd80234c80a44d7aca7d833) Importer(815301076,1909f56bfc062723c751e8b465ee728b)
Start importing Assets/Player.prefab using Guid(32059bc76bd80234c80a44d7aca7d833) Importer(815301076,1909f56bfc062723c751e8b465ee728b)  -> (artifact id: 'dbb819eb87ce9991c28e86e95fbfc285') in 0.025903 seconds
  Import took 0.031799 seconds .

========================================================================
Received Import Request.
  Time since last request: 0.005156 seconds.
  path: Assets/Player.prefab
  artifactKey: Guid(32059bc76bd80234c80a44d7aca7d833) Importer(815301076,1909f56bfc062723c751e8b465ee728b)
Start importing Assets/Player.prefab using Guid(32059bc76bd80234c80a44d7aca7d833) Importer(815301076,1909f56bfc062723c751e8b465ee728b)  -> (artifact id: 'dbb819eb87ce9991c28e86e95fbfc285') in 0.027978 seconds
  Import took 0.030787 seconds .

========================================================================
Received Prepare
Registering precompiled user dll's ...
Registered in 0.000997 seconds.
Begin MonoManager ReloadAssembly
Native extension for WindowsStandalone target not found
Native extension for WebGL target not found
Refreshing native plugins compatible for Editor in 0.21 ms, found 0 plugins.
Preloading 0 native plugins for Editor in 0.00 ms.
Invoked RoslynAnalysisRunner static constructor.
RoslynAnalysisRunner will not be running.
RoslynAnalysisRunner has terminated.
Mono: successfully reloaded assembly
- Completed reload, in  0.921 seconds
Platform modules already initialized, skipping
Refreshing native plugins compatible for Editor in 0.20 ms, found 0 plugins.
Preloading 0 native plugins for Editor in 0.00 ms.
Unloading 1111 Unused Serialized files (Serialized files now loaded: 0)
System memory in use before: 60.7 MB.
System memory in use after: 60.8 MB.

Unloading 6 unused Assets to reduce memory usage. Loaded Objects now: 1656.
Total: 2.283900 ms (FindLiveObjects: 0.138700 ms CreateObjectMapping: 0.034400 ms MarkObjects: 2.004000 ms  DeleteObjects: 0.103400 ms)

========================================================================
Received Prepare
Registering precompiled user dll's ...
Registered in 0.001026 seconds.
Begin MonoManager ReloadAssembly
Native extension for WindowsStandalone target not found
Native extension for WebGL target not found
Refreshing native plugins compatible for Editor in 0.20 ms, found 0 plugins.
Preloading 0 native plugins for Editor in 0.00 ms.
Invoked RoslynAnalysisRunner static constructor.
RoslynAnalysisRunner will not be running.
RoslynAnalysisRunner has terminated.
Mono: successfully reloaded assembly
- Completed reload, in  0.966 seconds
Platform modules already initialized, skipping
Refreshing native plugins compatible for Editor in 0.22 ms, found 0 plugins.
Preloading 0 native plugins for Editor in 0.00 ms.
Unloading 1111 Unused Serialized files (Serialized files now loaded: 0)
System memory in use before: 60.7 MB.
System memory in use after: 60.8 MB.

Unloading 5 unused Assets to reduce memory usage. Loaded Objects now: 1659.
Total: 1.858100 ms (FindLiveObjects: 0.141300 ms CreateObjectMapping: 0.059700 ms MarkObjects: 1.564600 ms  DeleteObjects: 0.091100 ms)

========================================================================
Received Prepare
Registering precompiled user dll's ...
Registered in 0.001254 seconds.
Begin MonoManager ReloadAssembly
Native extension for WindowsStandalone target not found
Native extension for WebGL target not found
Refreshing native plugins compatible for Editor in 0.23 ms, found 0 plugins.
Preloading 0 native plugins for Editor in 0.00 ms.
Invoked RoslynAnalysisRunner static constructor.
RoslynAnalysisRunner will not be running.
RoslynAnalysisRunner has terminated.
Mono: successfully reloaded assembly
- Completed reload, in  0.927 seconds
Platform modules already initialized, skipping
Refreshing native plugins compatible for Editor in 0.21 ms, found 0 plugins.
Preloading 0 native plugins for Editor in 0.00 ms.
Unloading 1111 Unused Serialized files (Serialized files now loaded: 0)
System memory in use before: 60.7 MB.
System memory in use after: 60.8 MB.

Unloading 5 unused Assets to reduce memory usage. Loaded Objects now: 1662.
Total: 2.524600 ms (FindLiveObjects: 0.182500 ms CreateObjectMapping: 0.040800 ms MarkObjects: 2.214900 ms  DeleteObjects: 0.085600 ms)

========================================================================
Received Import Request.
  Time since last request: 2761.530358 seconds.
  path: Assets/Player.prefab
  artifactKey: Guid(32059bc76bd80234c80a44d7aca7d833) Importer(815301076,1909f56bfc062723c751e8b465ee728b)
Start importing Assets/Player.prefab using Guid(32059bc76bd80234c80a44d7aca7d833) Importer(815301076,1909f56bfc062723c751e8b465ee728b)  -> (artifact id: 'a7ad547f863e8c23e07d1bdbc405c137') in 0.063386 seconds
  Import took 0.075443 seconds .

========================================================================
Received Import Request.
  Time since last request: 1.320787 seconds.
  path: Assets/Player.prefab
  artifactKey: Guid(32059bc76bd80234c80a44d7aca7d833) Importer(815301076,1909f56bfc062723c751e8b465ee728b)
Start importing Assets/Player.prefab using Guid(32059bc76bd80234c80a44d7aca7d833) Importer(815301076,1909f56bfc062723c751e8b465ee728b)  -> (artifact id: 'a7ad547f863e8c23e07d1bdbc405c137') in 0.012938 seconds
  Import took 0.015426 seconds .

========================================================================
Received Prepare
Registering precompiled user dll's ...
Registered in 0.001135 seconds.
Begin MonoManager ReloadAssembly
Native extension for WindowsStandalone target not found
Native extension for WebGL target not found
Refreshing native plugins compatible for Editor in 0.21 ms, found 0 plugins.
Preloading 0 native plugins for Editor in 0.00 ms.
Invoked RoslynAnalysisRunner static constructor.
RoslynAnalysisRunner will not be running.
RoslynAnalysisRunner has terminated.
Mono: successfully reloaded assembly
- Completed reload, in  0.902 seconds
Platform modules already initialized, skipping
Refreshing native plugins compatible for Editor in 0.20 ms, found 0 plugins.
Preloading 0 native plugins for Editor in 0.00 ms.
Unloading 1111 Unused Serialized files (Serialized files now loaded: 0)
System memory in use before: 60.7 MB.
System memory in use after: 60.8 MB.

Unloading 6 unused Assets to reduce memory usage. Loaded Objects now: 1666.
Total: 2.113900 ms (FindLiveObjects: 0.222400 ms CreateObjectMapping: 0.058200 ms MarkObjects: 1.719400 ms  DeleteObjects: 0.113100 ms)

========================================================================
Received Prepare
Registering precompiled user dll's ...
Registered in 0.001013 seconds.
Begin MonoManager ReloadAssembly
Native extension for WindowsStandalone target not found
Native extension for WebGL target not found
Refreshing native plugins compatible for Editor in 0.20 ms, found 0 plugins.
Preloading 0 native plugins for Editor in 0.00 ms.
Invoked RoslynAnalysisRunner static constructor.
RoslynAnalysisRunner will not be running.
RoslynAnalysisRunner has terminated.
Mono: successfully reloaded assembly
- Completed reload, in  0.900 seconds
Platform modules already initialized, skipping
Refreshing native plugins compatible for Editor in 0.19 ms, found 0 plugins.
Preloading 0 native plugins for Editor in 0.00 ms.
Unloading 1111 Unused Serialized files (Serialized files now loaded: 0)
System memory in use before: 60.7 MB.
System memory in use after: 60.8 MB.

Unloading 5 unused Assets to reduce memory usage. Loaded Objects now: 1669.
Total: 2.307800 ms (FindLiveObjects: 0.355400 ms CreateObjectMapping: 0.092400 ms MarkObjects: 1.753200 ms  DeleteObjects: 0.105700 ms)

========================================================================
Received Prepare
Registering precompiled user dll's ...
Registered in 0.001412 seconds.
Begin MonoManager ReloadAssembly
Native extension for WindowsStandalone target not found
Native extension for WebGL target not found
Refreshing native plugins compatible for Editor in 0.20 ms, found 0 plugins.
Preloading 0 native plugins for Editor in 0.00 ms.
Invoked RoslynAnalysisRunner static constructor.
RoslynAnalysisRunner will not be running.
RoslynAnalysisRunner has terminated.
Mono: successfully reloaded assembly
- Completed reload, in  0.917 seconds
Platform modules already initialized, skipping
Refreshing native plugins compatible for Editor in 0.27 ms, found 0 plugins.
Preloading 0 native plugins for Editor in 0.00 ms.
Unloading 1111 Unused Serialized files (Serialized files now loaded: 0)
System memory in use before: 60.7 MB.
System memory in use after: 60.8 MB.

Unloading 5 unused Assets to reduce memory usage. Loaded Objects now: 1672.
Total: 2.175100 ms (FindLiveObjects: 0.233200 ms CreateObjectMapping: 0.072700 ms MarkObjects: 1.772300 ms  DeleteObjects: 0.095800 ms)

========================================================================
Received Import Request.
  Time since last request: 902.271214 seconds.
  path: Assets/Player.prefab
  artifactKey: Guid(32059bc76bd80234c80a44d7aca7d833) Importer(815301076,1909f56bfc062723c751e8b465ee728b)
Start importing Assets/Player.prefab using Guid(32059bc76bd80234c80a44d7aca7d833) Importer(815301076,1909f56bfc062723c751e8b465ee728b)  -> (artifact id: '75c9f686476904e3e42cf270d3d5c1d7') in 0.098754 seconds
  Import took 0.119271 seconds .

========================================================================
Received Import Request.
  Time since last request: 1.221508 seconds.
  path: Assets/Player.prefab
  artifactKey: Guid(32059bc76bd80234c80a44d7aca7d833) Importer(815301076,1909f56bfc062723c751e8b465ee728b)
Start importing Assets/Player.prefab using Guid(32059bc76bd80234c80a44d7aca7d833) Importer(815301076,1909f56bfc062723c751e8b465ee728b)  -> (artifact id: '75c9f686476904e3e42cf270d3d5c1d7') in 0.012207 seconds
  Import took 0.014512 seconds .

========================================================================
Received Prepare
Registering precompiled user dll's ...
Registered in 0.001278 seconds.
Begin MonoManager ReloadAssembly
Native extension for WindowsStandalone target not found
Native extension for WebGL target not found
Refreshing native plugins compatible for Editor in 0.24 ms, found 0 plugins.
Preloading 0 native plugins for Editor in 0.00 ms.
Invoked RoslynAnalysisRunner static constructor.
RoslynAnalysisRunner will not be running.
RoslynAnalysisRunner has terminated.
Mono: successfully reloaded assembly
- Completed reload, in  0.956 seconds
Platform modules already initialized, skipping
Refreshing native plugins compatible for Editor in 0.25 ms, found 0 plugins.
Preloading 0 native plugins for Editor in 0.00 ms.
Unloading 1111 Unused Serialized files (Serialized files now loaded: 0)
System memory in use before: 60.8 MB.
System memory in use after: 60.8 MB.

Unloading 6 unused Assets to reduce memory usage. Loaded Objects now: 1676.
Total: 2.640700 ms (FindLiveObjects: 0.208400 ms CreateObjectMapping: 0.034600 ms MarkObjects: 2.289900 ms  DeleteObjects: 0.106800 ms)

