Using pre-set license
Built from '2020.3/release' branch; Version is '2020.3.2f1 (8fd9074bf66c) revision 9427207'; Using compiler version '192528614'; Build Type 'Release'
OS: 'Windows 10 Pro; OS build 19042.1237; Version 2009; 64bit' Language: 'en' Physical Memory: 8072 MB
BatchMode: 1, IsHumanControllingUs: 0, StartBugReporterOnCrash: 0, Is64bit: 1, IsPro: 0

 COMMAND LINE ARGUMENTS:
C:\Program Files\Unity\Hub\Editor\2020.3.2f1\Editor\Unity.exe
-adb2
-batchMode
-noUpm
-name
AssetImportWorker0
-projectPath
C:/Users/Family/Desktop/Game & Sim/SimpePlatformer/Code/SimplePlatformer
-logFile
Logs/AssetImportWorker0.log
-srvPort
56127
Successfully changed project path to: C:/Users/Family/Desktop/Game & Sim/SimpePlatformer/Code/SimplePlatformer
C:/Users/Family/Desktop/Game & Sim/SimpePlatformer/Code/SimplePlatformer
Using Asset Import Pipeline V2.
Refreshing native plugins compatible for Editor in 39.44 ms, found 0 plugins.
Preloading 0 native plugins for Editor in 0.00 ms.
Initialize engine version: 2020.3.2f1 (8fd9074bf66c)
[Subsystems] Discovering subsystems at path C:/Program Files/Unity/Hub/Editor/2020.3.2f1/Editor/Data/Resources/UnitySubsystems
[Subsystems] Discovering subsystems at path C:/Users/Family/Desktop/Game & Sim/SimpePlatformer/Code/SimplePlatformer/Assets
GfxDevice: creating device client; threaded=0
Direct3D:
    Version:  Direct3D 11.0 [level 11.1]
    Renderer: Intel(R) HD Graphics 530 (ID=0x1912)
    Vendor:   
    VRAM:     4036 MB
    Driver:   27.20.100.9416
Initialize mono
Mono path[0] = 'C:/Program Files/Unity/Hub/Editor/2020.3.2f1/Editor/Data/Managed'
Mono path[1] = 'C:/Program Files/Unity/Hub/Editor/2020.3.2f1/Editor/Data/MonoBleedingEdge/lib/mono/unityjit'
Mono config path = 'C:/Program Files/Unity/Hub/Editor/2020.3.2f1/Editor/Data/MonoBleedingEdge/etc'
Using monoOptions --debugger-agent=transport=dt_socket,embedding=1,server=y,suspend=n,address=127.0.0.1:56640
Begin MonoManager ReloadAssembly
Registering precompiled unity dll's ...
Register platform support module: C:/Program Files/Unity/Hub/Editor/2020.3.2f1/Editor/Data/PlaybackEngines/WebGLSupport/UnityEditor.WebGL.Extensions.dll
Register platform support module: C:/Program Files/Unity/Hub/Editor/2020.3.2f1/Editor/Data/PlaybackEngines/WindowsStandaloneSupport/UnityEditor.WindowsStandalone.Extensions.dll
Registered in 0.004189 seconds.
Native extension for WindowsStandalone target not found
Native extension for WebGL target not found
Refreshing native plugins compatible for Editor in 26.10 ms, found 0 plugins.
Preloading 0 native plugins for Editor in 0.00 ms.
Invoked RoslynAnalysisRunner static constructor.
RoslynAnalysisRunner will not be running.
RoslynAnalysisRunner has terminated.
Mono: successfully reloaded assembly
- Completed reload, in 10.267 seconds
Platform modules already initialized, skipping
Registering precompiled user dll's ...
Registered in 0.000944 seconds.
Begin MonoManager ReloadAssembly
Native extension for WindowsStandalone target not found
Native extension for WebGL target not found
Refreshing native plugins compatible for Editor in 0.21 ms, found 0 plugins.
Preloading 0 native plugins for Editor in 0.00 ms.
Invoked RoslynAnalysisRunner static constructor.
RoslynAnalysisRunner will not be running.
RoslynAnalysisRunner has terminated.
Mono: successfully reloaded assembly
- Completed reload, in  1.442 seconds
Platform modules already initialized, skipping
========================================================================
Worker process is ready to serve import requests
Launched and connected shader compiler UnityShaderCompiler.exe after 0.23 seconds
Refreshing native plugins compatible for Editor in 0.23 ms, found 0 plugins.
Preloading 0 native plugins for Editor in 0.00 ms.
Unloading 1116 Unused Serialized files (Serialized files now loaded: 0)
System memory in use before: 57.2 MB.
System memory in use after: 57.2 MB.

Unloading 10 unused Assets to reduce memory usage. Loaded Objects now: 1558.
Total: 2.156900 ms (FindLiveObjects: 0.517600 ms CreateObjectMapping: 0.056700 ms MarkObjects: 1.451100 ms  DeleteObjects: 0.130100 ms)

========================================================================
Received Import Request.
  path: Assets/Ground.prefab
  artifactKey: Guid(6017f678fa5222e4aa763740ea6f2024) Importer(815301076,1909f56bfc062723c751e8b465ee728b)
Start importing Assets/Ground.prefab using Guid(6017f678fa5222e4aa763740ea6f2024) Importer(815301076,1909f56bfc062723c751e8b465ee728b)  -> (artifact id: '113047503c319c8f79304818ef4c8521') in 0.296475 seconds
  Import took 0.310377 seconds .

========================================================================
Received Import Request.
  Time since last request: 0.000510 seconds.
  path: Assets/Player.prefab
  artifactKey: Guid(32059bc76bd80234c80a44d7aca7d833) Importer(815301076,1909f56bfc062723c751e8b465ee728b)
Start importing Assets/Player.prefab using Guid(32059bc76bd80234c80a44d7aca7d833) Importer(815301076,1909f56bfc062723c751e8b465ee728b)  -> (artifact id: '1f5ddb9f9e74c25899b230ec90c162ff') in 0.024154 seconds
  Import took 0.026524 seconds .

========================================================================
Received Import Request.
  Time since last request: 0.654822 seconds.
  path: Assets/Player.prefab
  artifactKey: Guid(32059bc76bd80234c80a44d7aca7d833) Importer(815301076,1909f56bfc062723c751e8b465ee728b)
Start importing Assets/Player.prefab using Guid(32059bc76bd80234c80a44d7aca7d833) Importer(815301076,1909f56bfc062723c751e8b465ee728b)  -> (artifact id: '1f5ddb9f9e74c25899b230ec90c162ff') in 0.010656 seconds
  Import took 0.012929 seconds .

========================================================================
Received Import Request.
  Time since last request: 0.119581 seconds.
  path: ProjectSettings/TagManager.asset
  artifactKey: Guid(00000000000000003000000000000000) Importer(815301076,1909f56bfc062723c751e8b465ee728b)
Start importing ProjectSettings/TagManager.asset using Guid(00000000000000003000000000000000) Importer(815301076,1909f56bfc062723c751e8b465ee728b)  -> (artifact id: '837c7e046774477854535a87ba86bfce') in 0.006933 seconds
  Import took 0.009459 seconds .

========================================================================
Received Import Request.
  Time since last request: 0.023663 seconds.
  path: ProjectSettings/TagManager.asset
  artifactKey: Guid(00000000000000003000000000000000) Importer(815301076,1909f56bfc062723c751e8b465ee728b)
Start importing ProjectSettings/TagManager.asset using Guid(00000000000000003000000000000000) Importer(815301076,1909f56bfc062723c751e8b465ee728b)  -> (artifact id: '837c7e046774477854535a87ba86bfce') in 0.005592 seconds
  Import took 0.008370 seconds .

========================================================================
Received Import Request.
  Time since last request: 0.014843 seconds.
  path: Assets/Ground.prefab
  artifactKey: Guid(6017f678fa5222e4aa763740ea6f2024) Importer(815301076,1909f56bfc062723c751e8b465ee728b)
Start importing Assets/Ground.prefab using Guid(6017f678fa5222e4aa763740ea6f2024) Importer(815301076,1909f56bfc062723c751e8b465ee728b)  -> (artifact id: '0b766207a2d9e3dae192e76dcdbe94a1') in 0.019031 seconds
  Import took 0.023048 seconds .

========================================================================
Received Import Request.
  Time since last request: 16.347006 seconds.
  path: Assets/Ground.prefab
  artifactKey: Guid(6017f678fa5222e4aa763740ea6f2024) Importer(815301076,1909f56bfc062723c751e8b465ee728b)
Start importing Assets/Ground.prefab using Guid(6017f678fa5222e4aa763740ea6f2024) Importer(815301076,1909f56bfc062723c751e8b465ee728b)  -> (artifact id: '26def33031123b5d70871bd8fc78c787') in 0.027120 seconds
  Import took 0.059426 seconds .

========================================================================
Received Import Request.
  Time since last request: 12.165734 seconds.
  path: Assets/Player.prefab
  artifactKey: Guid(32059bc76bd80234c80a44d7aca7d833) Importer(815301076,1909f56bfc062723c751e8b465ee728b)
Start importing Assets/Player.prefab using Guid(32059bc76bd80234c80a44d7aca7d833) Importer(815301076,1909f56bfc062723c751e8b465ee728b)  -> (artifact id: '7831890bfaa614175b8fbca3b30ee28a') in 0.025815 seconds
  Import took 0.033938 seconds .

========================================================================
Received Import Request.
  Time since last request: 0.004163 seconds.
  path: Assets/Player.prefab
  artifactKey: Guid(32059bc76bd80234c80a44d7aca7d833) Importer(815301076,1909f56bfc062723c751e8b465ee728b)
Start importing Assets/Player.prefab using Guid(32059bc76bd80234c80a44d7aca7d833) Importer(815301076,1909f56bfc062723c751e8b465ee728b)  -> (artifact id: '7831890bfaa614175b8fbca3b30ee28a') in 0.016895 seconds
  Import took 0.020544 seconds .

========================================================================
Received Import Request.
  Time since last request: 14.951650 seconds.
  path: Assets/Player.prefab
  artifactKey: Guid(32059bc76bd80234c80a44d7aca7d833) Importer(815301076,1909f56bfc062723c751e8b465ee728b)
Start importing Assets/Player.prefab using Guid(32059bc76bd80234c80a44d7aca7d833) Importer(815301076,1909f56bfc062723c751e8b465ee728b)  -> (artifact id: 'ffadfc51daf6d70d09499d131f87d91a') in 0.073399 seconds
  Import took 0.086869 seconds .

